0 info it worked if it ends with ok
1 verbose cli [ '/usr/local/bin/iojs', '/usr/local/bin/npm', 'run', 'develop' ]
2 info using npm@2.11.3
3 info using node@v2.3.3
4 verbose run-script [ 'predevelop', 'develop', 'postdevelop' ]
5 info predevelop ya-ui@0.0.8
6 info develop ya-ui@0.0.8
7 verbose unsafe-perm in lifecycle true
8 info ya-ui@0.0.8 Failed to exec develop script
9 verbose stack Error: ya-ui@0.0.8 develop: `node task/server.js`
9 verbose stack Exit status 1
9 verbose stack     at EventEmitter.<anonymous> (/usr/local/lib/node_modules/npm/lib/utils/lifecycle.js:213:16)
9 verbose stack     at emitTwo (events.js:87:13)
9 verbose stack     at EventEmitter.emit (events.js:172:7)
9 verbose stack     at ChildProcess.<anonymous> (/usr/local/lib/node_modules/npm/lib/utils/spawn.js:24:14)
9 verbose stack     at emitTwo (events.js:87:13)
9 verbose stack     at ChildProcess.emit (events.js:172:7)
9 verbose stack     at maybeClose (internal/child_process.js:764:16)
9 verbose stack     at Process.ChildProcess._handle.onexit (internal/child_process.js:211:5)
10 verbose pkgid ya-ui@0.0.8
11 verbose cwd /Users/alichen/program/ya-ui
12 error Darwin 14.4.0
13 error argv "/usr/local/bin/iojs" "/usr/local/bin/npm" "run" "develop"
14 error node v2.3.3
15 error npm  v2.11.3
16 error code ELIFECYCLE
17 error ya-ui@0.0.8 develop: `node task/server.js`
17 error Exit status 1
18 error Failed at the ya-ui@0.0.8 develop script 'node task/server.js'.
18 error This is most likely a problem with the ya-ui package,
18 error not with npm itself.
18 error Tell the author that this fails on your system:
18 error     node task/server.js
18 error You can get their info via:
18 error     npm owner ls ya-ui
18 error There is likely additional logging output above.
19 verbose exit [ 1, true ]
